<?xml version="1.0" encoding="UTF-8"?>
<!-- Generated by org.testng.reporters.JUnitXMLReporter -->
<testsuite hostname="DESKTOP-FTG8IO1" ignored="0" name="API Test" tests="3" failures="0" timestamp="29 Nov 2020 22:51:32 GMT" time="1.2" errors="0">
  <testcase name="@BeforeClass StartSession" time="1.009" classname="Utilities.CommonOps">
    <failure type="java.lang.NullPointerException">
      <![CDATA[java.lang.NullPointerException
at PageObjects.Grafana.UserListPage.<init>(UserListPage.java:22)
at java.lang.Class.newInstance(Class.java:442)
at org.openqa.selenium.support.PageFactory.instantiatePage(PageFactory.java:131)
at org.openqa.selenium.support.PageFactory.initElements(PageFactory.java:64)
at Utilities.managePages.init(managePages.java:20)
at Utilities.CommonOps.StartSession(CommonOps.java:140)
... Removed 34 stack frames]]>
    </failure>
  </testcase> <!-- @BeforeClass StartSession -->
  <testcase name="@AfterMethod AfterMethod" time="0.0" classname="Utilities.CommonOps">
    <skipped/>
  </testcase> <!-- @AfterMethod AfterMethod -->
  <testcase name="@AfterMethod AfterMethod" time="0.0" classname="Utilities.CommonOps">
    <skipped/>
  </testcase> <!-- @AfterMethod AfterMethod -->
  <testcase name="@AfterMethod AfterMethod" time="0.0" classname="Utilities.CommonOps">
    <skipped/>
  </testcase> <!-- @AfterMethod AfterMethod -->
  <testcase name="@AfterClass EndSession" time="0.0" classname="Utilities.CommonOps">
    <skipped/>
  </testcase> <!-- @AfterClass EndSession -->
  <testcase name="test01_AddTeamAndVerify" time="0.0" classname="SanityTests.grafanaAPI">
    <skipped/>
  </testcase> <!-- test01_AddTeamAndVerify -->
  <testcase name="test02_UpdateTeamAndVerify" time="0.0" classname="SanityTests.grafanaAPI">
    <skipped/>
  </testcase> <!-- test02_UpdateTeamAndVerify -->
  <testcase name="test03_DeleteTeamAndVerify" time="0.0" classname="SanityTests.grafanaAPI">
    <skipped/>
  </testcase> <!-- test03_DeleteTeamAndVerify -->
</testsuite> <!-- API Test -->
