<?xml version="1.0" encoding="UTF-8"?>
<testng-results skipped="0" failed="2" ignored="0" total="5" passed="3">
  <reporter-output>
  </reporter-output>
  <suite name="Suite" duration-ms="50681" started-at="2020-11-29T23:29:06Z" finished-at="2020-11-29T23:29:57Z">
    <groups>
    </groups>
    <test name="Web Test" duration-ms="50681" started-at="2020-11-29T23:29:06Z" finished-at="2020-11-29T23:29:57Z">
      <class name="SanityTests.grafanaWeb">
        <test-method status="PASS" signature="StartSession(java.lang.String)[pri:0, instance:SanityTests.grafanaWeb@2289aca5]" name="StartSession" is-config="true" duration-ms="8143" started-at="2020-11-29T23:29:06Z" finished-at="2020-11-29T23:29:15Z">
          <params>
            <param index="0">
              <value>
                <![CDATA[web]]>
              </value>
            </param>
          </params>
          <reporter-output>
          </reporter-output>
        </test-method> <!-- StartSession -->
        <test-method status="FAIL" signature="test01_login()[pri:0, instance:SanityTests.grafanaWeb@2289aca5]" name="test01_login" duration-ms="7793" started-at="2020-11-29T23:29:15Z" description="Test01: Login to Grafana" finished-at="2020-11-29T23:29:22Z">
          <exception class="org.openqa.selenium.TimeoutException">
            <message>
              <![CDATA[Expected condition failed: waiting for element to be clickable: [[ChromeDriver: chrome on WINDOWS (eaba9e536a0e8c251d1ba72ac68a255c)] -> css selector: a[class='css-1d9e5zy-button']] (tried for 5 second(s) with 500 milliseconds interval)
Build info: version: '3.141.59', revision: 'e82be7d358', time: '2018-11-14T08:17:03'
System info: host: 'DESKTOP-FTG8IO1', ip: '192.168.1.30', os.name: 'Windows 10', os.arch: 'amd64', os.version: '10.0', java.version: '1.8.0_211'
Driver info: org.openqa.selenium.chrome.ChromeDriver
Capabilities {acceptInsecureCerts: false, browserName: chrome, browserVersion: 87.0.4280.66, chrome: {chromedriverVersion: 87.0.4280.20 (c99e81631faa0..., userDataDir: C:\Users\SHALOM~1\AppData\L...}, goog:chromeOptions: {debuggerAddress: localhost:54212}, javascriptEnabled: true, networkConnectionEnabled: false, pageLoadStrategy: normal, platform: WINDOWS, platformName: WINDOWS, proxy: Proxy(), setWindowRect: true, strictFileInteractability: false, timeouts: {implicit: 0, pageLoad: 300000, script: 30000}, unhandledPromptBehavior: dismiss and notify, webauthn:virtualAuthenticators: true}
Session ID: eaba9e536a0e8c251d1ba72ac68a255c]]>
            </message>
            <full-stacktrace>
              <![CDATA[org.openqa.selenium.TimeoutException: Expected condition failed: waiting for element to be clickable: [[ChromeDriver: chrome on WINDOWS (eaba9e536a0e8c251d1ba72ac68a255c)] -> css selector: a[class='css-1d9e5zy-button']] (tried for 5 second(s) with 500 milliseconds interval)
Build info: version: '3.141.59', revision: 'e82be7d358', time: '2018-11-14T08:17:03'
System info: host: 'DESKTOP-FTG8IO1', ip: '192.168.1.30', os.name: 'Windows 10', os.arch: 'amd64', os.version: '10.0', java.version: '1.8.0_211'
Driver info: org.openqa.selenium.chrome.ChromeDriver
Capabilities {acceptInsecureCerts: false, browserName: chrome, browserVersion: 87.0.4280.66, chrome: {chromedriverVersion: 87.0.4280.20 (c99e81631faa0..., userDataDir: C:\Users\SHALOM~1\AppData\L...}, goog:chromeOptions: {debuggerAddress: localhost:54212}, javascriptEnabled: true, networkConnectionEnabled: false, pageLoadStrategy: normal, platform: WINDOWS, platformName: WINDOWS, proxy: Proxy(), setWindowRect: true, strictFileInteractability: false, timeouts: {implicit: 0, pageLoad: 300000, script: 30000}, unhandledPromptBehavior: dismiss and notify, webauthn:virtualAuthenticators: true}
Session ID: eaba9e536a0e8c251d1ba72ac68a255c
at org.openqa.selenium.support.ui.WebDriverWait.timeoutException(WebDriverWait.java:95)
at org.openqa.selenium.support.ui.FluentWait.until(FluentWait.java:272)
at Extensions.UIActions.click(UIActions.java:14)
at WorkFlows.webFlows.login(webFlows.java:16)
at SanityTests.grafanaWeb.test01_login(grafanaWeb.java:18)
at sun.reflect.NativeMethodAccessorImpl.invoke0(Native Method)
at sun.reflect.NativeMethodAccessorImpl.invoke(NativeMethodAccessorImpl.java:62)
at sun.reflect.DelegatingMethodAccessorImpl.invoke(DelegatingMethodAccessorImpl.java:43)
at java.lang.reflect.Method.invoke(Method.java:498)
at org.testng.internal.MethodInvocationHelper.invokeMethod(MethodInvocationHelper.java:124)
at org.testng.internal.Invoker.invokeMethod(Invoker.java:583)
at org.testng.internal.Invoker.invokeTestMethod(Invoker.java:719)
at org.testng.internal.Invoker.invokeTestMethods(Invoker.java:989)
at org.testng.internal.TestMethodWorker.invokeTestMethods(TestMethodWorker.java:125)
at org.testng.internal.TestMethodWorker.run(TestMethodWorker.java:109)
at org.testng.TestRunner.privateRun(TestRunner.java:648)
at org.testng.TestRunner.run(TestRunner.java:505)
at org.testng.SuiteRunner.runTest(SuiteRunner.java:455)
at org.testng.SuiteRunner.runSequentially(SuiteRunner.java:450)
at org.testng.SuiteRunner.privateRun(SuiteRunner.java:415)
at org.testng.SuiteRunner.run(SuiteRunner.java:364)
at org.testng.SuiteRunnerWorker.runSuite(SuiteRunnerWorker.java:52)
at org.testng.SuiteRunnerWorker.run(SuiteRunnerWorker.java:84)
at org.testng.TestNG.runSuitesSequentially(TestNG.java:1208)
at org.testng.TestNG.runSuitesLocally(TestNG.java:1137)
at org.testng.TestNG.runSuites(TestNG.java:1049)
at org.testng.TestNG.run(TestNG.java:1017)
at org.apache.maven.surefire.testng.TestNGExecutor.run(TestNGExecutor.java:283)
at org.apache.maven.surefire.testng.TestNGXmlTestSuite.execute(TestNGXmlTestSuite.java:75)
at org.apache.maven.surefire.testng.TestNGProvider.invoke(TestNGProvider.java:120)
at org.apache.maven.surefire.booter.ForkedBooter.invokeProviderInSameClassLoader(ForkedBooter.java:384)
at org.apache.maven.surefire.booter.ForkedBooter.runSuitesInProcess(ForkedBooter.java:345)
at org.apache.maven.surefire.booter.ForkedBooter.execute(ForkedBooter.java:126)
at org.apache.maven.surefire.booter.ForkedBooter.main(ForkedBooter.java:418)
]]>
            </full-stacktrace>
          </exception> <!-- org.openqa.selenium.TimeoutException -->
          <reporter-output>
          </reporter-output>
        </test-method> <!-- test01_login -->
        <test-method status="PASS" signature="AfterMethod()[pri:0, instance:SanityTests.grafanaWeb@2289aca5]" name="AfterMethod" is-config="true" duration-ms="1001" started-at="2020-11-29T23:29:51Z" finished-at="2020-11-29T23:29:52Z">
          <reporter-output>
          </reporter-output>
        </test-method> <!-- AfterMethod -->
        <test-method status="PASS" signature="test02_VerifyDefaultUsers()[pri:0, instance:SanityTests.grafanaWeb@2289aca5]" name="test02_VerifyDefaultUsers" duration-ms="559" started-at="2020-11-29T23:29:52Z" description="Test02: Verify Default Users at the Grafana application " finished-at="2020-11-29T23:29:52Z">
          <reporter-output>
          </reporter-output>
        </test-method> <!-- test02_VerifyDefaultUsers -->
        <test-method status="PASS" signature="AfterMethod()[pri:0, instance:SanityTests.grafanaWeb@2289aca5]" name="AfterMethod" is-config="true" duration-ms="228" started-at="2020-11-29T23:29:52Z" finished-at="2020-11-29T23:29:52Z">
          <reporter-output>
          </reporter-output>
        </test-method> <!-- AfterMethod -->
        <test-method status="PASS" signature="test03_AddAndVerifiedUser()[pri:0, instance:SanityTests.grafanaWeb@2289aca5]" name="test03_AddAndVerifiedUser" duration-ms="1200" started-at="2020-11-29T23:29:52Z" description="Test03: Add a new user and Verify" finished-at="2020-11-29T23:29:54Z">
          <reporter-output>
          </reporter-output>
        </test-method> <!-- test03_AddAndVerifiedUser -->
        <test-method status="PASS" signature="AfterMethod()[pri:0, instance:SanityTests.grafanaWeb@2289aca5]" name="AfterMethod" is-config="true" duration-ms="228" started-at="2020-11-29T23:29:54Z" finished-at="2020-11-29T23:29:54Z">
          <reporter-output>
          </reporter-output>
        </test-method> <!-- AfterMethod -->
        <test-method status="PASS" signature="test04_DeleteAndVerifiedUser()[pri:0, instance:SanityTests.grafanaWeb@2289aca5]" name="test04_DeleteAndVerifiedUser" duration-ms="963" started-at="2020-11-29T23:29:54Z" description="Test04: Delete last User and verify the Default user (should be 1) " finished-at="2020-11-29T23:29:55Z">
          <reporter-output>
          </reporter-output>
        </test-method> <!-- test04_DeleteAndVerifiedUser -->
        <test-method status="PASS" signature="AfterMethod()[pri:0, instance:SanityTests.grafanaWeb@2289aca5]" name="AfterMethod" is-config="true" duration-ms="209" started-at="2020-11-29T23:29:55Z" finished-at="2020-11-29T23:29:55Z">
          <reporter-output>
          </reporter-output>
        </test-method> <!-- AfterMethod -->
        <test-method status="FAIL" signature="test05_VerifyAvatar()[pri:0, instance:SanityTests.grafanaWeb@2289aca5]" name="test05_VerifyAvatar" duration-ms="794" started-at="2020-11-29T23:29:55Z" description=" Test05: Verify Avatar " finished-at="2020-11-29T23:29:56Z">
          <exception class="java.lang.NullPointerException">
            <full-stacktrace>
              <![CDATA[java.lang.NullPointerException
at ru.yandex.qatools.ashot.coordinates.Coords.ofImage(Coords.java:52)
at ru.yandex.qatools.ashot.Screenshot.<init>(Screenshot.java:49)
at ru.yandex.qatools.ashot.comparison.ImageDiffer.makeDiff(ImageDiffer.java:96)
at Extensions.Verifications.visualElement(Verifications.java:53)
at SanityTests.grafanaWeb.test05_VerifyAvatar(grafanaWeb.java:62)
at sun.reflect.NativeMethodAccessorImpl.invoke0(Native Method)
at sun.reflect.NativeMethodAccessorImpl.invoke(NativeMethodAccessorImpl.java:62)
at sun.reflect.DelegatingMethodAccessorImpl.invoke(DelegatingMethodAccessorImpl.java:43)
at java.lang.reflect.Method.invoke(Method.java:498)
at org.testng.internal.MethodInvocationHelper.invokeMethod(MethodInvocationHelper.java:124)
at org.testng.internal.Invoker.invokeMethod(Invoker.java:583)
at org.testng.internal.Invoker.invokeTestMethod(Invoker.java:719)
at org.testng.internal.Invoker.invokeTestMethods(Invoker.java:989)
at org.testng.internal.TestMethodWorker.invokeTestMethods(TestMethodWorker.java:125)
at org.testng.internal.TestMethodWorker.run(TestMethodWorker.java:109)
at org.testng.TestRunner.privateRun(TestRunner.java:648)
at org.testng.TestRunner.run(TestRunner.java:505)
at org.testng.SuiteRunner.runTest(SuiteRunner.java:455)
at org.testng.SuiteRunner.runSequentially(SuiteRunner.java:450)
at org.testng.SuiteRunner.privateRun(SuiteRunner.java:415)
at org.testng.SuiteRunner.run(SuiteRunner.java:364)
at org.testng.SuiteRunnerWorker.runSuite(SuiteRunnerWorker.java:52)
at org.testng.SuiteRunnerWorker.run(SuiteRunnerWorker.java:84)
at org.testng.TestNG.runSuitesSequentially(TestNG.java:1208)
at org.testng.TestNG.runSuitesLocally(TestNG.java:1137)
at org.testng.TestNG.runSuites(TestNG.java:1049)
at org.testng.TestNG.run(TestNG.java:1017)
at org.apache.maven.surefire.testng.TestNGExecutor.run(TestNGExecutor.java:283)
at org.apache.maven.surefire.testng.TestNGXmlTestSuite.execute(TestNGXmlTestSuite.java:75)
at org.apache.maven.surefire.testng.TestNGProvider.invoke(TestNGProvider.java:120)
at org.apache.maven.surefire.booter.ForkedBooter.invokeProviderInSameClassLoader(ForkedBooter.java:384)
at org.apache.maven.surefire.booter.ForkedBooter.runSuitesInProcess(ForkedBooter.java:345)
at org.apache.maven.surefire.booter.ForkedBooter.execute(ForkedBooter.java:126)
at org.apache.maven.surefire.booter.ForkedBooter.main(ForkedBooter.java:418)
]]>
            </full-stacktrace>
          </exception> <!-- java.lang.NullPointerException -->
          <reporter-output>
          </reporter-output>
        </test-method> <!-- test05_VerifyAvatar -->
        <test-method status="PASS" signature="AfterMethod()[pri:0, instance:SanityTests.grafanaWeb@2289aca5]" name="AfterMethod" is-config="true" duration-ms="193" started-at="2020-11-29T23:29:56Z" finished-at="2020-11-29T23:29:56Z">
          <reporter-output>
          </reporter-output>
        </test-method> <!-- AfterMethod -->
        <test-method status="PASS" signature="EndSession()[pri:0, instance:SanityTests.grafanaWeb@2289aca5]" name="EndSession" is-config="true" duration-ms="676" started-at="2020-11-29T23:29:56Z" finished-at="2020-11-29T23:29:57Z">
          <reporter-output>
          </reporter-output>
        </test-method> <!-- EndSession -->
      </class> <!-- SanityTests.grafanaWeb -->
    </test> <!-- Web Test -->
  </suite> <!-- Suite -->
</testng-results>
