<?xml version="1.0" encoding="UTF-8"?>
<testsuite xmlns:xsi="http://www.w3.org/2001/XMLSchema-instance" xsi:noNamespaceSchemaLocation="https://maven.apache.org/surefire/maven-surefire-plugin/xsd/surefire-test-report.xsd" name="TestSuite" time="51.809" tests="5" errors="0" skipped="0" failures="2">
  <properties>
[...]
</properties>
  <testcase name="test01_login" classname="SanityTests.grafanaWeb" time="36.04">
    <failure message="Expected condition failed: waiting for element to be clickable: [[ChromeDriver: chrome on WINDOWS (eaba9e536a0e8c251d1ba72ac68a255c)] -&gt; css selector: a[class=&apos;css-1d9e5zy-button&apos;]] (tried for 5 second(s) with 500 milliseconds interval)&#10;Build info: version: &apos;3.141.59&apos;, revision: &apos;e82be7d358&apos;, time: &apos;2018-11-14T08:17:03&apos;&#10;System info: host: &apos;DESKTOP-FTG8IO1&apos;, ip: &apos;192.168.1.30&apos;, os.name: &apos;Windows 10&apos;, os.arch: &apos;amd64&apos;, os.version: &apos;10.0&apos;, java.version: &apos;1.8.0_211&apos;&#10;Driver info: org.openqa.selenium.chrome.ChromeDriver&#10;Capabilities {acceptInsecureCerts: false, browserName: chrome, browserVersion: 87.0.4280.66, chrome: {chromedriverVersion: 87.0.4280.20 (c99e81631faa0..., userDataDir: C:\Users\SHALOM~1\AppData\L...}, goog:chromeOptions: {debuggerAddress: localhost:54212}, javascriptEnabled: true, networkConnectionEnabled: false, pageLoadStrategy: normal, platform: WINDOWS, platformName: WINDOWS, proxy: Proxy(), setWindowRect: true, strictFileInteractability: false, timeouts: {implicit: 0, pageLoad: 300000, script: 30000}, unhandledPromptBehavior: dismiss and notify, webauthn:virtualAuthenticators: true}&#10;Session ID: eaba9e536a0e8c251d1ba72ac68a255c" type="org.openqa.selenium.TimeoutException">org.openqa.selenium.TimeoutException: 
Expected condition failed: waiting for element to be clickable: [[ChromeDriver: chrome on WINDOWS (eaba9e536a0e8c251d1ba72ac68a255c)] -> css selector: a[class='css-1d9e5zy-button']] (tried for 5 second(s) with 500 milliseconds interval)
Build info: version: '3.141.59', revision: 'e82be7d358', time: '2018-11-14T08:17:03'
System info: host: 'DESKTOP-FTG8IO1', ip: '192.168.1.30', os.name: 'Windows 10', os.arch: 'amd64', os.version: '10.0', java.version: '1.8.0_211'
Driver info: org.openqa.selenium.chrome.ChromeDriver
Capabilities {acceptInsecureCerts: false, browserName: chrome, browserVersion: 87.0.4280.66, chrome: {chromedriverVersion: 87.0.4280.20 (c99e81631faa0..., userDataDir: C:\Users\SHALOM~1\AppData\L...}, goog:chromeOptions: {debuggerAddress: localhost:54212}, javascriptEnabled: true, networkConnectionEnabled: false, pageLoadStrategy: normal, platform: WINDOWS, platformName: WINDOWS, proxy: Proxy(), setWindowRect: true, strictFileInteractability: false, timeouts: {implicit: 0, pageLoad: 300000, script: 30000}, unhandledPromptBehavior: dismiss and notify, webauthn:virtualAuthenticators: true}
Session ID: eaba9e536a0e8c251d1ba72ac68a255c
	at SanityTests.grafanaWeb.test01_login(grafanaWeb.java:18)
</failure>
    <system-out><![CDATA[-------------- Ending  Execution -------------
Error occurred while connecting to DB,See details:java.sql.SQLException: Access denied for user 'QVanNnswkh'@'77.138.150.238' (using password: YES)
-------------- Starting Test Case: test01_login -------------
--------------  Test Case: test01_loginFailed -------------
]]></system-out>
    <system-err><![CDATA[SLF4J: Failed to load class "org.slf4j.impl.StaticLoggerBinder".
SLF4J: Defaulting to no-operation (NOP) logger implementation
SLF4J: See http://www.slf4j.org/codes.html#StaticLoggerBinder for further details.
Starting ChromeDriver 87.0.4280.20 (c99e81631faa0b2a448e658c0dbd8311fb04ddbd-refs/branch-heads/4280@{#355}) on port 3468
Only local connections are allowed.
Please see https://chromedriver.chromium.org/security-considerations for suggestions on keeping ChromeDriver safe.
ChromeDriver was started successfully.
Nov 30, 2020 1:29:11 AM org.openqa.selenium.remote.ProtocolHandshake createSession
INFO: Detected dialect: W3C
[1606692572.804][SEVERE]: Timed out receiving message from renderer: 10.000
[1606692572.805][WARNING]: screenshot failed, retrying timeout: Timed out receiving message from renderer: 10.000
[1606692582.819][SEVERE]: Timed out receiving message from renderer: 10.000
]]></system-err>
  </testcase>
  <testcase name="test02_VerifyDefaultUsers" classname="SanityTests.grafanaWeb" time="0.556"/>
  <testcase name="test03_AddAndVerifiedUser" classname="SanityTests.grafanaWeb" time="1.203"/>
  <testcase name="test04_DeleteAndVerifiedUser" classname="SanityTests.grafanaWeb" time="0.962"/>
  <testcase name="test05_VerifyAvatar" classname="SanityTests.grafanaWeb" time="1.145">
    <failure type="java.lang.NullPointerException">java.lang.NullPointerException
	at SanityTests.grafanaWeb.test05_VerifyAvatar(grafanaWeb.java:62)
</failure>
    <system-out><![CDATA[-------------- Starting Test Case: test05_VerifyAvatar -------------
Error reading image file: javax.imageio.IIOException: Can't read input file!
--------------  Test Case: test05_VerifyAvatarFailed -------------
]]></system-out>
  </testcase>
</testsuite>